TN:
SF:/Users/bsamuels/audits/uniswap/cryticuni/v4-core/lib/forge-gas-snapshot/src/GasSnapshot.sol
DA:1,0
DA:8,0
DA:12,8
DA:14,0
DA:25,0
DA:26,0
DA:81,0
DA:82,0
DA:83,0
DA:84,0
DA:86,0
DA:116,0
DA:117,0
DA:118,0
DA:119,0
DA:124,2
DA:125,0
DA:126,2
DA:130,0
DA:131,0
DA:135,0
DA:136,0
DA:137,0
DA:138,0
DA:139,0
DA:140,0
DA:144,0
DA:145,0
end_of_record

SF:/Users/bsamuels/audits/uniswap/cryticuni/v4-core/lib/forge-gas-snapshot/src/utils/UintString.sol
DA:4,0
DA:8,0
DA:9,0
DA:11,0
DA:13,0
DA:15,0
DA:16,0
DA:17,0
DA:19,0
DA:22,0
DA:25,0
end_of_record

SF:/Users/bsamuels/audits/uniswap/cryticuni/v4-core/lib/forge-std/src/Base.sol
DA:9,0
end_of_record

SF:/Users/bsamuels/audits/uniswap/cryticuni/v4-core/lib/forge-std/src/Script.sol
DA:26,0
end_of_record

SF:/Users/bsamuels/audits/uniswap/cryticuni/v4-core/lib/forge-std/src/StdAssertions.sol
DA:38,0
DA:39,0
DA:40,0
DA:42,0
DA:63,0
DA:64,0
DA:67,0
DA:68,0
DA:75,0
DA:76,0
DA:79,0
DA:80,0
DA:95,0
DA:96,0
end_of_record

SF:/Users/bsamuels/audits/uniswap/cryticuni/v4-core/lib/forge-std/src/StdChains.sol
DA:66,0
end_of_record

SF:/Users/bsamuels/audits/uniswap/cryticuni/v4-core/lib/forge-std/src/StdCheats.sol
end_of_record

SF:/Users/bsamuels/audits/uniswap/cryticuni/v4-core/lib/forge-std/src/StdError.sol
DA:5,0
DA:6,0
DA:7,0
DA:8,0
DA:9,0
DA:10,0
DA:11,0
DA:12,0
DA:13,0
DA:14,0
end_of_record

SF:/Users/bsamuels/audits/uniswap/cryticuni/v4-core/lib/forge-std/src/StdInvariant.sol
DA:83,0
DA:84,0
DA:87,0
DA:88,0
DA:91,0
DA:92,0
DA:95,8
DA:96,0
DA:99,0
DA:100,0
DA:103,0
DA:104,0
DA:107,0
DA:108,0
DA:111,0
DA:112,0
DA:115,0
DA:116,0
DA:119,0
DA:120,0
end_of_record

SF:/Users/bsamuels/audits/uniswap/cryticuni/v4-core/lib/forge-std/src/StdJson.sol
DA:25,0
end_of_record

SF:/Users/bsamuels/audits/uniswap/cryticuni/v4-core/lib/forge-std/src/StdMath.sol
DA:4,0
end_of_record

SF:/Users/bsamuels/audits/uniswap/cryticuni/v4-core/lib/forge-std/src/StdStorage.sol
DA:24,0
DA:334,0
end_of_record

SF:/Users/bsamuels/audits/uniswap/cryticuni/v4-core/lib/forge-std/src/StdStyle.sol
DA:6,0
end_of_record

SF:/Users/bsamuels/audits/uniswap/cryticuni/v4-core/lib/forge-std/src/StdToml.sol
DA:25,0
end_of_record

SF:/Users/bsamuels/audits/uniswap/cryticuni/v4-core/lib/forge-std/src/StdUtils.sol
end_of_record

SF:/Users/bsamuels/audits/uniswap/cryticuni/v4-core/lib/forge-std/src/Test.sol
DA:32,0
end_of_record

SF:/Users/bsamuels/audits/uniswap/cryticuni/v4-core/lib/forge-std/src/Vm.sol
end_of_record

SF:/Users/bsamuels/audits/uniswap/cryticuni/v4-core/lib/forge-std/src/console.sol
DA:4,0
end_of_record

SF:/Users/bsamuels/audits/uniswap/cryticuni/v4-core/lib/forge-std/src/console2.sol
end_of_record

SF:/Users/bsamuels/audits/uniswap/cryticuni/v4-core/lib/forge-std/src/interfaces/IERC165.sol
end_of_record

SF:/Users/bsamuels/audits/uniswap/cryticuni/v4-core/lib/forge-std/src/interfaces/IERC20.sol
end_of_record

SF:/Users/bsamuels/audits/uniswap/cryticuni/v4-core/lib/forge-std/src/interfaces/IERC721.sol
end_of_record

SF:/Users/bsamuels/audits/uniswap/cryticuni/v4-core/lib/forge-std/src/interfaces/IMulticall3.sol
end_of_record

SF:/Users/bsamuels/audits/uniswap/cryticuni/v4-core/lib/forge-std/src/mocks/MockERC20.sol
DA:8,0
DA:19,0
DA:20,0
DA:23,0
DA:24,0
DA:27,0
DA:28,0
DA:41,0
DA:42,0
DA:45,0
DA:46,0
DA:49,0
DA:50,0
DA:61,0
DA:72,0
DA:73,0
DA:75,0
DA:76,0
DA:77,0
DA:79,0
DA:80,0
DA:82,0
DA:89,0
DA:90,0
DA:92,0
DA:94,0
DA:97,0
DA:98,0
DA:99,0
DA:101,0
DA:106,0
DA:107,0
DA:109,0
DA:111,0
DA:112,0
DA:114,0
DA:116,0
DA:123,0
DA:126,0
DA:127,0
DA:129,0
DA:130,0
DA:131,0
DA:133,0
DA:134,0
DA:135,0
DA:136,0
DA:139,0
DA:140,0
DA:141,0
DA:142,0
DA:153,0
DA:155,0
DA:157,0
DA:160,0
DA:161,0
DA:164,0
DA:165,0
DA:166,0
DA:167,0
DA:168,0
DA:169,0
DA:170,0
DA:171,0
DA:198,0
DA:199,0
DA:200,0
DA:204,0
DA:205,0
DA:206,0
DA:217,0
DA:220,0
DA:226,0
DA:227,0
DA:232,0
end_of_record

SF:/Users/bsamuels/audits/uniswap/cryticuni/v4-core/lib/forge-std/src/mocks/MockERC721.sol
DA:8,0
DA:17,0
DA:18,0
DA:21,0
DA:22,0
DA:25,0
DA:35,0
DA:36,0
DA:39,0
DA:40,0
DA:42,0
DA:53,0
DA:54,0
DA:57,0
DA:58,0
DA:70,0
DA:71,0
DA:73,0
DA:74,0
DA:76,0
DA:83,0
DA:84,0
DA:86,0
DA:88,0
DA:90,0
DA:93,0
DA:94,0
DA:96,0
DA:99,0
DA:100,0
DA:102,0
DA:104,0
DA:105,0
DA:111,0
DA:113,0
DA:115,0
DA:117,0
DA:119,0
DA:122,0
DA:123,0
DA:125,0
DA:126,0
DA:127,0
DA:128,0
DA:133,0
DA:139,0
DA:141,0
DA:142,0
DA:143,0
DA:144,0
DA:153,0
DA:154,0
DA:155,0
DA:156,0
DA:226,0
DA:229,0
end_of_record

SF:/Users/bsamuels/audits/uniswap/cryticuni/v4-core/lib/forge-std/src/safeconsole.sol
DA:6,0
end_of_record

SF:/Users/bsamuels/audits/uniswap/cryticuni/v4-core/lib/solmate/src/auth/Owned.sol
DA:17,4
DA:20,8
DA:30,0
DA:32,0
DA:39,0
DA:40,0
DA:42,0
end_of_record

SF:/Users/bsamuels/audits/uniswap/cryticuni/v4-core/lib/solmate/src/test/utils/mocks/MockERC20.sol
DA:6,56
DA:7,0
DA:11,0
DA:13,0
DA:14,0
DA:17,0
DA:18,0
end_of_record

SF:/Users/bsamuels/audits/uniswap/cryticuni/v4-core/lib/solmate/src/tokens/ERC20.sol
DA:21,8
DA:23,0
DA:25,0
DA:31,4
DA:33,21
DA:35,0
DA:45,0
DA:56,0
DA:57,0
DA:58,0
DA:60,0
DA:61,0
DA:68,10
DA:69,0
DA:71,8
DA:73,1
DA:76,14
DA:77,25
DA:82,21
DA:85,6
DA:90,11
DA:94,1
DA:95,23
DA:97,9
DA:99,0
DA:104,0
DA:107,0
DA:109,0
DA:116,0
DA:125,0
DA:130,0
DA:131,0
DA:132,0
DA:134,0
DA:135,0
DA:136,0
DA:137,0
DA:143,0
DA:154,0
DA:156,0
DA:159,0
DA:162,0
DA:163,0
DA:166,0
DA:167,0
DA:168,0
DA:169,0
DA:170,0
DA:171,0
DA:172,0
DA:173,0
DA:174,0
DA:183,0
DA:184,0
DA:189,0
DA:192,0
DA:195,0
DA:196,0
DA:201,0
DA:204,0
end_of_record

SF:/Users/bsamuels/audits/uniswap/cryticuni/v4-core/src/ERC6909.sol
DA:15,0
DA:17,49
DA:19,0
DA:25,7
DA:26,0
DA:28,0
DA:30,0
DA:32,0
DA:35,8
DA:36,0
DA:37,0
DA:38,0
DA:41,0
DA:43,0
DA:45,0
DA:47,0
DA:50,0
DA:51,0
DA:53,0
DA:58,0
DA:59,0
DA:61,0
DA:63,0
DA:70,2
DA:71,2
DA:72,0
DA:79,5
DA:80,38
DA:82,20
DA:85,1
DA:86,38
DA:88,13
end_of_record

SF:/Users/bsamuels/audits/uniswap/cryticuni/v4-core/src/ERC6909Claims.sol
DA:13,1
DA:14,1
DA:15,44
DA:16,34
DA:17,5
DA:18,40
DA:21,6
end_of_record

SF:/Users/bsamuels/audits/uniswap/cryticuni/v4-core/src/Extsload.sol
DA:10,18
DA:12,4
DA:13,3
DA:18,18
DA:20,2
DA:21,1
DA:23,3
DA:25,3
DA:27,5
DA:29,5
DA:30,5
DA:31,2
DA:32,4
DA:33,5
DA:34,5
DA:35,4
DA:37,5
DA:42,0
DA:44,0
DA:45,0
DA:47,0
DA:49,0
DA:51,0
DA:53,0
DA:54,0
DA:55,0
DA:56,0
DA:57,0
DA:58,0
DA:59,0
end_of_record

SF:/Users/bsamuels/audits/uniswap/cryticuni/v4-core/src/Exttload.sol
DA:10,18
DA:12,4
DA:13,3
DA:18,0
DA:20,0
DA:21,0
DA:23,0
DA:25,0
DA:27,0
DA:29,0
DA:30,0
DA:31,0
DA:32,0
DA:33,0
DA:34,0
DA:35,0
DA:37,0
end_of_record

SF:/Users/bsamuels/audits/uniswap/cryticuni/v4-core/src/NoDelegateCall.sol
DA:19,0
DA:24,2
DA:25,7
DA:30,16
end_of_record

SF:/Users/bsamuels/audits/uniswap/cryticuni/v4-core/src/PoolManager.sol
DA:79,194
DA:91,0
DA:94,4
DA:98,0
DA:102,27
DA:103,1
DA:107,26
DA:108,4
DA:110,4
DA:113,73
DA:115,4
DA:116,3
DA:120,24
DA:123,1
DA:124,3
DA:126,23
DA:127,22
DA:128,8
DA:129,1
DA:130,0
DA:133,21
DA:135,13
DA:137,14
DA:140,9
DA:142,20
DA:144,14
DA:148,39
DA:152,30
DA:156,6
DA:157,1
DA:159,4
DA:161,14
DA:163,1
DA:164,10
DA:165,39
DA:166,1
DA:167,4
DA:168,4
DA:169,8
DA:170,5
DA:171,3
DA:176,6
DA:179,31
DA:181,2
DA:182,18
DA:185,3
DA:187,7
DA:191,24
DA:195,1
DA:196,4
DA:197,9
DA:198,1
DA:200,4
DA:202,6
DA:206,26
DA:210,9
DA:211,1
DA:212,1
DA:213,34
DA:214,4
DA:215,4
DA:216,1
DA:217,4
DA:218,1
DA:220,13
DA:224,2
DA:225,18
DA:228,3
DA:230,7
DA:234,3
DA:236,5
DA:238,14
DA:241,7
DA:244,15
DA:245,24
DA:248,2
DA:252,25
DA:256,1
DA:257,1
DA:258,8
DA:259,5
DA:261,15
DA:263,9
DA:265,7
DA:267,15
DA:271,22
DA:272,4
DA:273,5
DA:274,9
DA:275,6
DA:279,23
DA:282,13
DA:283,8
DA:288,8
DA:289,7
DA:293,16
DA:294,4
DA:298,17
DA:299,4
DA:301,7
DA:302,8
DA:303,10
DA:307,21
DA:308,1
DA:309,2
DA:311,6
DA:312,8
DA:317,17
DA:318,2
DA:319,6
DA:320,7
DA:324,17
DA:325,14
DA:326,3
DA:328,0
DA:329,0
DA:330,0
DA:333,7
DA:336,8
DA:337,3
DA:338,2
DA:339,5
DA:341,1
DA:342,8
DA:343,7
DA:344,4
DA:346,11
DA:350,11
DA:351,8
DA:353,14
DA:355,8
DA:356,4
DA:357,5
DA:358,4
DA:363,1
DA:364,11
DA:365,7
DA:369,4
DA:370,40
end_of_record

SF:/Users/bsamuels/audits/uniswap/cryticuni/v4-core/src/ProtocolFees.sol
DA:22,27
DA:25,14
DA:29,0
DA:30,0
DA:34,19
DA:35,12
DA:36,5
DA:40,21
DA:41,8
DA:42,9
DA:44,9
DA:45,13
DA:49,17
DA:51,2
DA:53,8
DA:55,25
DA:56,25
DA:57,8
DA:68,9
DA:69,7
DA:73,7
DA:75,4
DA:76,4
DA:78,34
DA:81,6
DA:85,5
DA:88,5
DA:89,2
DA:90,4
DA:91,4
DA:92,4
DA:97,23
DA:98,3
DA:104,0
end_of_record

SF:/Users/bsamuels/audits/uniswap/cryticuni/v4-core/src/interfaces/IExtsload.sol
end_of_record

SF:/Users/bsamuels/audits/uniswap/cryticuni/v4-core/src/interfaces/IExttload.sol
end_of_record

SF:/Users/bsamuels/audits/uniswap/cryticuni/v4-core/src/interfaces/IHooks.sol
end_of_record

SF:/Users/bsamuels/audits/uniswap/cryticuni/v4-core/src/interfaces/IPoolManager.sol
end_of_record

SF:/Users/bsamuels/audits/uniswap/cryticuni/v4-core/src/interfaces/IProtocolFeeController.sol
end_of_record

SF:/Users/bsamuels/audits/uniswap/cryticuni/v4-core/src/interfaces/IProtocolFees.sol
end_of_record

SF:/Users/bsamuels/audits/uniswap/cryticuni/v4-core/src/interfaces/callback/IUnlockCallback.sol
end_of_record

SF:/Users/bsamuels/audits/uniswap/cryticuni/v4-core/src/interfaces/external/IERC20Minimal.sol
end_of_record

SF:/Users/bsamuels/audits/uniswap/cryticuni/v4-core/src/interfaces/external/IERC6909Claims.sol
end_of_record

SF:/Users/bsamuels/audits/uniswap/cryticuni/v4-core/src/libraries/FullMath.sol
end_of_record

SF:/Users/bsamuels/audits/uniswap/cryticuni/v4-core/src/libraries/BitMath.sol
DA:7,0
DA:12,0
DA:13,0
DA:16,0
DA:17,0
DA:18,0
DA:19,0
DA:20,0
DA:22,0
DA:23,0
DA:31,0
DA:32,0
DA:36,0
DA:40,0
DA:41,0
DA:42,0
DA:45,0
DA:46,0
end_of_record

SF:/Users/bsamuels/audits/uniswap/cryticuni/v4-core/src/libraries/CurrencyDelta.sol
DA:8,0
DA:12,9
DA:13,7
DA:14,6
DA:21,2
DA:28,8
DA:30,2
DA:35,4
DA:37,10
DA:38,1
DA:39,3
end_of_record

SF:/Users/bsamuels/audits/uniswap/cryticuni/v4-core/src/libraries/CurrencyReserves.sol
DA:7,0
DA:14,0
DA:16,1
DA:18,1
DA:19,7
DA:20,3
DA:26,2
DA:30,2
DA:32,2
DA:36,4
DA:38,3
DA:39,3
DA:45,2
end_of_record

SF:/Users/bsamuels/audits/uniswap/cryticuni/v4-core/src/libraries/CustomRevert.sol
DA:9,0
DA:11,1
DA:13,3
DA:14,3
DA:19,1
DA:21,3
DA:22,4
DA:23,3
DA:28,1
DA:30,3
DA:31,5
DA:32,3
DA:37,0
DA:39,0
DA:40,0
DA:41,0
DA:46,0
DA:48,0
DA:49,0
DA:50,0
DA:51,0
DA:52,0
DA:57,1
DA:59,2
DA:60,3
DA:61,6
DA:62,6
DA:63,3
DA:68,0
DA:70,0
DA:71,0
DA:72,0
DA:73,0
DA:79,1
DA:81,1
DA:82,2
DA:85,3
DA:86,5
DA:87,5
DA:88,6
DA:91,11
DA:92,3
end_of_record

SF:/Users/bsamuels/audits/uniswap/cryticuni/v4-core/src/libraries/FixedPoint128.sol
DA:6,0
end_of_record

SF:/Users/bsamuels/audits/uniswap/cryticuni/v4-core/src/libraries/FixedPoint96.sol
DA:7,0
DA:8,1
DA:9,1
end_of_record

SF:/Users/bsamuels/audits/uniswap/cryticuni/v4-core/src/libraries/Hooks.sol
DA:9,0
DA:16,9
DA:26,5
DA:31,8
DA:32,3
DA:35,6
DA:37,5
DA:38,1
DA:40,4
DA:41,2
DA:46,1
DA:50,1
DA:51,3
DA:55,3
DA:56,3
DA:58,4
DA:65,6
DA:67,5
DA:73,4
DA:79,8
DA:80,9
DA:85,5
DA:86,1
DA:88,6
DA:89,12
DA:90,6
DA:91,13
DA:97,5
DA:103,1
DA:105,1
DA:106,6
DA:107,14
DA:108,5
end_of_record

SF:/Users/bsamuels/audits/uniswap/cryticuni/v4-core/src/libraries/LPFeeLibrary.sol
DA:22,0
DA:28,0
DA:30,1
DA:31,1
DA:34,1
DA:35,2
DA:36,0
DA:37,1
DA:41,4
DA:42,1
DA:43,1
DA:44,1
DA:47,1
DA:48,2
DA:80,331
end_of_record

SF:/Users/bsamuels/audits/uniswap/cryticuni/v4-core/src/libraries/LiquidityMath.sol
DA:6,0
DA:12,3
DA:21,35
end_of_record

SF:/Users/bsamuels/audits/uniswap/cryticuni/v4-core/src/libraries/Lock.sol
DA:4,0
DA:8,1
DA:10,3
DA:12,4
DA:13,7
DA:17,0
DA:18,0
DA:19,0
end_of_record

SF:/Users/bsamuels/audits/uniswap/cryticuni/v4-core/src/libraries/NonZeroDeltaCount.sol
DA:6,0
DA:8,0
DA:10,2
DA:12,2
DA:13,2
DA:16,1
DA:18,1
DA:22,10
end_of_record

SF:/Users/bsamuels/audits/uniswap/cryticuni/v4-core/src/libraries/ParseBytes.sol
DA:7,0
DA:9,0
DA:16,3
DA:17,1
DA:18,2
DA:19,5
DA:21,1
DA:30,11
end_of_record

SF:/Users/bsamuels/audits/uniswap/cryticuni/v4-core/src/libraries/Pool.sol
DA:11,0
DA:15,0
DA:22,0
DA:30,0
end_of_record

SF:/Users/bsamuels/audits/uniswap/cryticuni/v4-core/src/libraries/Position.sol
DA:22,0
DA:83,1
DA:85,10
DA:86,3
DA:88,5
DA:89,1
DA:90,8
DA:93,1349
end_of_record

SF:/Users/bsamuels/audits/uniswap/cryticuni/v4-core/src/libraries/ProtocolFeeLibrary.sol
DA:11,0
DA:39,10
DA:40,6
DA:41,3
DA:42,3
DA:43,3
DA:44,5
DA:45,6
DA:49,95
end_of_record

SF:/Users/bsamuels/audits/uniswap/cryticuni/v4-core/src/libraries/SafeCast.sol
DA:6,0
DA:11,0
DA:13,0
DA:21,1
DA:23,2
DA:25,6
DA:32,10
DA:34,10
DA:37,2
DA:53,0
end_of_record

SF:/Users/bsamuels/audits/uniswap/cryticuni/v4-core/src/libraries/SqrtPriceMath.sol
DA:8,0
DA:15,0
DA:17,0
DA:18,0
DA:25,1
DA:26,9
DA:29,1
DA:30,2
DA:31,5
DA:36,2
DA:37,9
DA:38,1
end_of_record

SF:/Users/bsamuels/audits/uniswap/cryticuni/v4-core/src/libraries/StateLibrary.sol
DA:11,0
DA:37,0
DA:41,0
DA:45,0
DA:46,0
DA:48,0
DA:50,0
DA:51,0
DA:52,0
DA:55,0
DA:59,0
DA:60,0
DA:66,0
DA:72,0
DA:73,0
DA:74,0
DA:76,0
DA:78,0
DA:101,0
DA:104,0
DA:106,0
DA:108,0
DA:111,0
DA:112,0
DA:113,0
DA:116,0
DA:117,0
DA:118,0
DA:123,0
DA:124,0
DA:125,0
DA:126,0
DA:127,0
DA:128,0
DA:129,0
DA:141,0
DA:148,0
DA:150,0
DA:151,0
DA:152,0
DA:154,0
DA:157,0
DA:160,0
DA:162,0
DA:163,0
DA:180,0
DA:182,0
DA:185,0
DA:187,0
DA:191,0
DA:192,0
DA:194,0
DA:196,0
DA:197,0
DA:198,0
DA:199,0
DA:201,0
DA:202,0
DA:203,0
DA:216,3
DA:219,1
DA:220,8
DA:221,1
DA:222,0
DA:223,3
DA:224,1
DA:225,1
DA:226,0
DA:228,0
DA:230,4
DA:232,4
DA:233,10
DA:235,5
DA:236,4
DA:237,13
DA:238,2
DA:249,4
DA:250,3
DA:253,3
DA:254,1
DA:258,5
DA:268,8
DA:271,1
DA:278,3
DA:289,6
DA:293,5
DA:294,10
DA:300,1
DA:302,1
DA:303,8
DA:304,1
DA:305,0
DA:306,0
DA:307,14
DA:314,1
DA:316,1
DA:317,7
DA:318,0
DA:319,7
DA:320,1
end_of_record

SF:/Users/bsamuels/audits/uniswap/cryticuni/v4-core/src/libraries/SwapMath.sol
DA:8,0
DA:12,2
DA:13,1
DA:14,0
DA:15,1
DA:16,1
DA:17,0
DA:18,0
DA:21,0
DA:23,1
DA:29,9
DA:30,4
DA:31,8
DA:32,60
DA:38,6
DA:39,4
DA:40,10
DA:41,2
DA:42,5
DA:91,1
DA:94,5
DA:95,6
DA:97,23
DA:108,596
end_of_record

SF:/Users/bsamuels/audits/uniswap/cryticuni/v4-core/src/libraries/TickBitmap.sol
DA:8,0
DA:10,5
DA:38,2
DA:43,4
DA:44,3
DA:45,1
DA:46,4
DA:71,12
DA:77,4
DA:78,6
DA:79,8
DA:80,3
DA:81,12
DA:82,9
DA:83,13
DA:84,8
DA:85,3
DA:86,8
DA:90,3
DA:92,9
DA:94,0
DA:95,7
DA:96,1
DA:97,0
DA:98,0
DA:100,0
DA:101,0
DA:102,0
DA:103,0
DA:105,0
DA:106,2
DA:107,12
DA:108,6
DA:109,4
DA:110,2
DA:111,10
DA:113,8
DA:114,2
DA:115,10
DA:117,3
DA:118,0
DA:119,0
DA:123,34
end_of_record

SF:/Users/bsamuels/audits/uniswap/cryticuni/v4-core/src/libraries/TickMath.sol
DA:8,0
DA:19,8
DA:20,4
DA:22,3
DA:30,14
DA:31,6
DA:35,5
DA:47,4
DA:49,2
DA:51,7
DA:52,5
DA:53,3
DA:54,8
DA:55,4
DA:56,2
DA:57,3
DA:60,6
DA:61,2
DA:62,3
DA:64,5
DA:65,2
DA:66,1
DA:67,3
DA:78,9
DA:80,3
DA:81,13
DA:83,9
DA:84,17
DA:85,5
DA:87,7
DA:88,3
DA:89,8
DA:90,1
DA:91,6
DA:92,22
DA:94,5
DA:97,2
DA:98,5
DA:99,0
DA:100,3
DA:101,6
end_of_record

SF:/Users/bsamuels/audits/uniswap/cryticuni/v4-core/src/libraries/TransientStateLibrary.sol
DA:10,0
DA:23,5
DA:27,1
DA:28,1
DA:33,1
DA:35,1
DA:39,1
DA:45,1
DA:46,8
DA:47,1
DA:50,686
end_of_record

SF:/Users/bsamuels/audits/uniswap/cryticuni/v4-core/src/libraries/UnsafeMath.sol
DA:9,0
DA:20,4
end_of_record

SF:/Users/bsamuels/audits/uniswap/cryticuni/v4-core/src/test/ActionsRouter.sol
DA:7,0
DA:12,1
DA:14,5
DA:15,4
end_of_record

SF:/Users/bsamuels/audits/uniswap/cryticuni/v4-core/src/test/PoolClaimsTest.sol
DA:37,58
DA:46,0
DA:49,0
DA:52,2017
end_of_record

SF:/Users/bsamuels/audits/uniswap/cryticuni/v4-core/src/test/PoolDonateTest.sol
DA:11,0
DA:14,0
DA:25,0
DA:27,0
DA:28,0
DA:29,0
DA:30,0
DA:33,0
DA:34,0
DA:36,0
DA:37,0
DA:38,0
DA:39,0
DA:42,0
DA:43,0
DA:45,0
DA:47,0
DA:48,0
DA:50,0
DA:51,0
DA:53,0
end_of_record

SF:/Users/bsamuels/audits/uniswap/cryticuni/v4-core/src/test/PoolModifyLiquidityTest.sol
DA:12,0
DA:14,0
DA:20,0
DA:26,0
DA:27,0
DA:28,0
DA:29,0
DA:30,0
DA:34,0
DA:36,0
DA:37,0
DA:38,0
DA:39,0
DA:42,0
DA:43,0
DA:44,0
DA:45,0
DA:46,0
DA:47,0
DA:48,0
DA:49,0
DA:50,0
DA:52,0
DA:54,0
DA:55,0
DA:56,0
DA:57,0
DA:60,0
DA:61,0
DA:63,0
DA:65,0
DA:66,0
DA:67,0
DA:68,0
DA:69,0
DA:71,0
DA:72,0
DA:73,0
DA:75,0
DA:76,0
end_of_record

SF:/Users/bsamuels/audits/uniswap/cryticuni/v4-core/src/test/PoolModifyLiquidityTestNoChecks.sol
DA:16,0
DA:22,0
DA:34,0
DA:38,0
DA:39,0
DA:41,0
DA:42,0
DA:48,0
DA:49,0
DA:50,0
DA:54,0
DA:55,0
DA:57,0
DA:59,0
DA:60,0
DA:62,0
DA:64,0
DA:66,0
DA:67,0
DA:69,0
DA:70,0
DA:71,0
DA:72,0
DA:74,0
DA:75,0
DA:77,0
end_of_record

SF:/Users/bsamuels/audits/uniswap/cryticuni/v4-core/src/test/PoolNestedActionsTest.sol
DA:14,0
DA:22,0
DA:32,0
DA:38,0
DA:41,0
DA:42,0
DA:47,0
DA:48,0
DA:49,0
DA:50,0
DA:56,0
DA:57,0
DA:58,0
DA:59,0
DA:60,0
DA:61,0
DA:62,0
DA:63,0
DA:66,0
DA:67,0
DA:68,0
DA:69,0
DA:70,0
DA:72,0
DA:73,0
DA:75,0
DA:76,0
DA:77,0
DA:78,0
DA:80,0
DA:81,0
DA:83,0
end_of_record

SF:/Users/bsamuels/audits/uniswap/cryticuni/v4-core/src/test/PoolSettleTest.sol
DA:23,0
end_of_record

SF:/Users/bsamuels/audits/uniswap/cryticuni/v4-core/src/test/PoolSwapTest.sol
DA:6,0
DA:7,0
DA:8,0
DA:9,0
DA:10,0
DA:11,0
DA:13,0
DA:14,0
DA:15,0
end_of_record

SF:/Users/bsamuels/audits/uniswap/cryticuni/v4-core/src/test/PoolTakeTest.sol
DA:15,0
DA:20,0
DA:29,0
DA:34,0
DA:36,0
DA:39,0
DA:40,0
DA:41,0
DA:42,0
DA:44,0
DA:46,0
DA:48,0
DA:50,0
DA:51,0
DA:52,0
DA:55,0
DA:56,0
DA:57,0
DA:59,0
DA:62,0
end_of_record

SF:/Users/bsamuels/audits/uniswap/cryticuni/v4-core/src/test/PoolTestBase.sol
DA:11,0
DA:13,0
DA:20,0
DA:23,0
DA:24,0
DA:25,0
DA:26,0
DA:28,0
DA:29,0
DA:30,0
DA:33,0
end_of_record

SF:/Users/bsamuels/audits/uniswap/cryticuni/v4-core/src/test/ProtocolFeeControllerTest.sol
DA:18,0
DA:19,0
DA:20,0
DA:26,0
DA:28,0
DA:31,0
DA:32,0
end_of_record

SF:/Users/bsamuels/audits/uniswap/cryticuni/v4-core/src/test/SwapRouterNoChecks.sol
DA:8,24
DA:10,0
DA:11,23
DA:13,1
DA:14,21
DA:17,0
DA:19,0
DA:23,0
DA:27,0
DA:31,0
DA:36,0
DA:39,0
DA:40,0
DA:42,0
DA:43,0
DA:47,0
DA:49,0
end_of_record

SF:/Users/bsamuels/audits/uniswap/cryticuni/v4-core/src/types/BalanceDelta.sol
DA:14,0
DA:16,0
DA:25,0
DA:28,0
DA:29,0
DA:30,0
DA:31,0
DA:34,0
DA:36,0
DA:37,0
DA:38,0
DA:39,0
DA:40,0
DA:41,0
DA:42,0
DA:43,0
DA:45,0
DA:48,0
DA:49,0
DA:52,0
DA:53,0
DA:56,0
end_of_record

SF:/Users/bsamuels/audits/uniswap/cryticuni/v4-core/src/types/BeforeSwapDelta.sol
DA:12,2
DA:18,21
DA:20,1
DA:21,4
DA:22,1
DA:23,8
DA:24,3
DA:25,10
DA:26,4
DA:28,0
DA:32,0
DA:33,0
DA:34,0
DA:35,0
DA:39,28
end_of_record

SF:/Users/bsamuels/audits/uniswap/cryticuni/v4-core/src/types/Currency.sol
DA:20,0
DA:21,0
DA:24,0
end_of_record

SF:/Users/bsamuels/audits/uniswap/cryticuni/v4-core/src/types/PoolId.sol
DA:15,6
DA:17,170
end_of_record

SF:/Users/bsamuels/audits/uniswap/cryticuni/v4-core/src/types/PoolKey.sol
DA:7,0
DA:9,1
DA:13,16
end_of_record

SF:/Users/bsamuels/audits/uniswap/cryticuni/v4-core/src/types/Slot0.sol
end_of_record

SF:/Users/bsamuels/audits/uniswap/cryticuni/v4-core/test/trailofbits/ActionFuzzBase.sol
DA:31,0
DA:56,1
DA:60,7
DA:63,16
DA:67,4
DA:70,1
DA:72,5
DA:75,1
DA:78,8
DA:79,2
DA:82,6
DA:84,3
DA:88,2
DA:97,6
DA:99,3
DA:101,2
DA:105,9
end_of_record

SF:/Users/bsamuels/audits/uniswap/cryticuni/v4-core/test/trailofbits/ActionFuzzEntrypoint.sol
DA:28,0
DA:30,0
DA:31,0
DA:44,0
DA:47,0
DA:51,0
DA:52,0
DA:56,0
DA:57,0
DA:58,0
DA:59,0
DA:61,12
DA:62,0
DA:63,9
DA:65,16
DA:67,12
DA:68,118
DA:69,149
DA:70,16
DA:71,57
DA:72,23
DA:73,1
DA:75,59
DA:76,2
DA:77,24
DA:78,4
DA:79,24
DA:80,2
DA:81,17
DA:82,13
DA:83,109
DA:84,13
DA:86,22
DA:87,30
DA:88,8
DA:89,1
DA:90,13
DA:91,48
DA:92,12
DA:93,46
DA:94,0
DA:96,46
DA:97,4
DA:98,46
DA:99,0
DA:100,46
DA:101,4
DA:102,46
DA:103,4
DA:104,44
DA:105,2
DA:106,4
DA:107,46
DA:108,4
DA:110,46
DA:111,0
DA:113,46
DA:114,0
DA:116,46
DA:117,4
DA:119,46
DA:120,4
DA:122,45
DA:123,5
DA:125,46
DA:126,12
DA:128,7
DA:130,1
DA:131,26
DA:132,2
DA:133,26
DA:134,2
DA:136,2
DA:138,2
DA:139,11
DA:144,11
DA:145,14
DA:146,12
DA:147,14
DA:148,1
DA:150,26
DA:152,3
DA:153,28
DA:154,8
DA:156,2
DA:157,17
DA:158,3
DA:160,24
DA:161,82
DA:162,21
DA:163,1
DA:166,16
DA:167,6
DA:171,3
DA:174,6
DA:176,11
DA:179,101
DA:180,1
DA:181,17
DA:184,0
DA:185,63
DA:188,76
DA:189,67
DA:190,2
DA:191,0
DA:194,0
DA:195,0
DA:204,1
DA:212,32
DA:213,16
DA:214,1
DA:218,9
DA:219,0
DA:220,2
DA:222,6
DA:224,17
DA:225,11
DA:226,28
DA:229,17
DA:231,12
DA:232,39
DA:235,5
DA:238,41
DA:239,1
DA:240,7
DA:241,4
DA:248,5
DA:249,18
DA:251,15
DA:252,4
DA:253,59
DA:255,22
DA:256,1
DA:261,4
DA:262,22
DA:263,22
DA:265,22
DA:269,2
DA:270,7
DA:271,5
DA:274,23
DA:276,0
DA:277,0
end_of_record

SF:/Users/bsamuels/audits/uniswap/cryticuni/v4-core/test/trailofbits/IActionsHarness.sol
DA:6,1986
end_of_record

SF:/Users/bsamuels/audits/uniswap/cryticuni/v4-core/test/trailofbits/PropertiesHelper.sol
end_of_record

SF:/Users/bsamuels/audits/uniswap/cryticuni/v4-core/test/trailofbits/ShadowAccounting.sol
DA:15,7
DA:18,4
DA:19,1
DA:20,5
DA:21,0
DA:26,1
DA:29,5
DA:30,0
DA:31,0
DA:32,0
DA:34,0
DA:35,0
DA:36,0
DA:38,0
DA:39,0
DA:41,0
DA:44,1
DA:45,5
DA:47,0
DA:48,0
DA:50,0
DA:51,0
DA:52,0
DA:55,0
DA:56,1
DA:57,5
DA:58,0
DA:59,0
DA:61,0
DA:69,7
DA:70,0
DA:73,0
DA:79,1
DA:83,6
DA:84,0
DA:85,0
DA:86,0
DA:87,0
DA:89,0
DA:90,0
DA:94,1
DA:95,5
DA:96,0
DA:97,0
DA:98,0
DA:101,410
end_of_record

SF:/Users/bsamuels/audits/uniswap/cryticuni/v4-core/test/trailofbits/V4StateMachine.sol
DA:27,0
DA:54,0
DA:63,7
DA:64,3
DA:66,21
DA:67,1
DA:70,3
DA:71,8
DA:72,22
DA:76,6
DA:77,1
DA:79,30
DA:80,48
DA:83,12
DA:85,14
DA:86,15
DA:87,15
DA:90,14
DA:91,12
DA:95,14
DA:96,13
DA:98,12
DA:99,5
DA:100,1
DA:102,6
DA:103,11
DA:104,53
end_of_record

SF:/Users/bsamuels/audits/uniswap/cryticuni/v4-core/test/trailofbits/actionprops/BurnActionProps.sol
DA:38,0
DA:71,10
DA:73,7
DA:75,1
DA:76,8
DA:77,2
DA:78,15
DA:80,3
DA:81,2
DA:85,704
end_of_record

SF:/Users/bsamuels/audits/uniswap/cryticuni/v4-core/test/trailofbits/actionprops/ClearActionProps.sol
DA:19,0
DA:32,17
DA:34,40
DA:35,31
DA:37,5
DA:38,38
DA:40,1
DA:41,15
DA:43,57
DA:44,1
DA:45,2
DA:49,0
DA:50,33
DA:51,18
DA:53,18
DA:56,4
DA:57,85
DA:59,10
DA:60,3
DA:61,22
DA:62,3
DA:63,33
DA:66,2
DA:73,203
end_of_record

SF:/Users/bsamuels/audits/uniswap/cryticuni/v4-core/test/trailofbits/actionprops/DonateActionProps.sol
DA:20,0
DA:30,24
DA:32,32
DA:33,29
DA:34,8
DA:36,1
DA:37,1
DA:39,38
DA:40,69
DA:41,5
DA:43,2
DA:44,3
DA:45,55
DA:47,30
DA:48,13
DA:49,9
DA:52,10
DA:54,27
DA:56,31
DA:58,1
DA:59,22
DA:60,2
DA:61,15
DA:63,6
DA:64,9
end_of_record

SF:/Users/bsamuels/audits/uniswap/cryticuni/v4-core/test/trailofbits/actionprops/InitializeActionProps.sol
DA:18,0
DA:26,17
DA:27,10
DA:28,32
DA:30,45
DA:32,18
DA:33,53
DA:34,38
DA:36,8
DA:37,19
DA:39,3
DA:40,107
DA:41,1
DA:42,3
DA:43,1
DA:44,77
DA:45,5
DA:48,6
DA:49,3
DA:51,1
DA:53,27
DA:56,27
DA:59,24
DA:61,8
DA:64,24
DA:65,8
DA:68,53
DA:69,10
DA:70,21
DA:71,5
DA:72,1
DA:73,8
DA:74,4
DA:75,7
DA:76,25
DA:77,1
DA:79,7
DA:80,7
DA:81,23
DA:87,1
DA:89,27
DA:90,1
DA:96,0
DA:104,1
DA:105,0
DA:107,98
DA:109,86
DA:111,6
DA:112,6
DA:113,30
DA:115,15
DA:116,2
DA:120,63
end_of_record

SF:/Users/bsamuels/audits/uniswap/cryticuni/v4-core/test/trailofbits/actionprops/MintActionProps.sol
DA:15,0
DA:19,18
DA:22,2
DA:23,8
DA:24,4
DA:27,8
DA:30,13
DA:31,4
DA:34,11
DA:35,15
DA:37,11
DA:38,59
DA:41,4
DA:43,18
DA:46,84
DA:47,0
DA:48,0
DA:53,0
DA:54,109
DA:55,41
DA:56,1
DA:57,10
DA:58,47
DA:59,4
DA:62,16
DA:63,127
DA:64,1
DA:65,10
DA:67,1
DA:69,19
DA:72,27
DA:73,0
DA:76,3
DA:77,7
DA:79,24
DA:85,313
end_of_record

SF:/Users/bsamuels/audits/uniswap/cryticuni/v4-core/test/trailofbits/actionprops/ModifyPositionActionProps.sol
DA:17,0
DA:33,25
DA:35,4
DA:37,31
DA:38,10
DA:39,22
DA:41,8
DA:42,4
DA:43,1
DA:44,1
DA:45,38
DA:49,69
DA:50,9
DA:51,1
DA:52,62
DA:55,1
DA:56,16
DA:57,3
DA:59,31
DA:60,1
DA:62,1
DA:64,15
DA:66,2
DA:68,18
DA:69,74
DA:71,27
DA:72,15
DA:73,2
DA:75,1
DA:76,4
DA:78,31
DA:80,11
DA:83,1
DA:84,23
DA:85,22
DA:87,2
DA:89,77
DA:91,22
DA:93,12
DA:94,37
DA:95,4
DA:96,12
DA:97,3
end_of_record

SF:/Users/bsamuels/audits/uniswap/cryticuni/v4-core/test/trailofbits/actionprops/ProtocolFeeActionProps.sol
DA:17,0
DA:40,23
DA:43,4
DA:50,21
DA:52,7
DA:53,23
DA:57,4
DA:59,9
DA:60,54
DA:61,53
DA:62,8
DA:64,40
DA:65,1
DA:66,16
DA:67,1
DA:68,119
DA:69,1
DA:71,1
DA:72,14
DA:74,1
DA:75,62
DA:76,17
DA:77,10
DA:79,53
DA:80,32
DA:81,102
DA:82,1
DA:83,1
DA:84,6
DA:89,2197
end_of_record

SF:/Users/bsamuels/audits/uniswap/cryticuni/v4-core/test/trailofbits/actionprops/SettleActionProps.sol
DA:20,0
DA:32,19
DA:33,5
DA:35,2
DA:38,9
DA:39,16
DA:41,66
DA:42,17
DA:44,0
DA:47,69
DA:49,48
DA:51,9
DA:52,4
DA:54,25
DA:55,1
DA:57,5
DA:58,0
DA:59,0
DA:62,1
DA:66,24
DA:67,59
DA:68,69
DA:69,0
DA:71,0
DA:72,27
DA:75,3
DA:76,44
DA:77,2
DA:78,110
DA:81,27
DA:83,60
end_of_record

SF:/Users/bsamuels/audits/uniswap/cryticuni/v4-core/test/trailofbits/actionprops/SettleNativeActionProps.sol
DA:19,0
DA:31,13
DA:33,75
DA:35,16
DA:36,35
DA:38,21
DA:39,16
DA:41,45
DA:42,20
DA:43,17
DA:47,22
DA:48,10
DA:49,38
DA:50,15
DA:51,37
DA:52,17
DA:53,2
DA:55,2
DA:56,2
DA:57,1
DA:65,252
end_of_record

SF:/Users/bsamuels/audits/uniswap/cryticuni/v4-core/test/trailofbits/actionprops/SwapActionProps.sol
DA:18,0
DA:27,17
DA:29,5
DA:30,3
DA:31,2
DA:33,12
DA:34,37
DA:35,1
DA:36,15
DA:37,35
DA:38,37
DA:39,5
DA:40,2
DA:41,1
DA:43,39
DA:44,1
DA:46,15
DA:47,31
DA:49,34
DA:50,0
DA:51,0
DA:53,0
DA:56,0
DA:57,0
DA:58,0
end_of_record

SF:/Users/bsamuels/audits/uniswap/cryticuni/v4-core/test/trailofbits/actionprops/SyncActionProps.sol
DA:20,0
DA:42,1
DA:47,30
DA:48,1
DA:50,5
DA:51,5
DA:52,39
DA:54,15
DA:61,3464
end_of_record

SF:/Users/bsamuels/audits/uniswap/cryticuni/v4-core/test/trailofbits/actionprops/TakeActionProps.sol
DA:19,0
DA:27,19
DA:29,4
DA:30,30
DA:31,10
DA:33,20
DA:35,7
DA:36,39
DA:38,52
DA:40,24
DA:42,3
DA:43,38
DA:45,16
DA:46,2
DA:48,29
DA:49,2
DA:50,5
DA:54,16
DA:55,2
end_of_record

SF:/Users/bsamuels/audits/uniswap/cryticuni/v4-core/test/utils/Constants.sol
DA:23,0
DA:29,317
end_of_record

SF:/Users/bsamuels/audits/uniswap/cryticuni/v4-core/test/utils/CurrencySettler.sol
DA:4,0
DA:5,0
DA:6,0
DA:8,0
DA:9,0
DA:10,0
DA:19,0
end_of_record

SF:/Users/bsamuels/audits/uniswap/cryticuni/v4-core/test/utils/Deployers.sol
DA:12,0
DA:18,0
DA:22,0
DA:23,0
DA:24,0
DA:25,0
DA:26,0
DA:28,0
DA:31,0
DA:43,0
DA:45,0
DA:46,0
end_of_record

SF:/Users/bsamuels/audits/uniswap/cryticuni/v4-core/test/utils/LiquidityAmounts.sol
DA:38,0
DA:49,0
DA:50,19
DA:51,10
DA:52,0
DA:53,0
DA:54,0
DA:55,0
DA:57,0
DA:59,0
DA:80,0
DA:81,0
DA:87,0
DA:90,0
DA:91,0
DA:94,0
DA:95,0
DA:96,0
DA:97,0
DA:98,0
DA:99,0
DA:100,0
DA:102,0
DA:104,0
DA:105,0
DA:106,0
DA:109,0
DA:110,0
DA:111,0
DA:112,0
DA:125,0
DA:126,0
DA:127,0
DA:128,0
DA:129,0
DA:131,0
DA:135,0
end_of_record

SF:/Users/bsamuels/audits/uniswap/cryticuni/v4-core/test/utils/SortTokens.sol
DA:10,0
end_of_record

